<?xml version="1.0" encoding="UTF-8"?>
<!-- Generated by org.testng.reporters.JUnitReportReporter -->
<testsuite skipped="0" hostname="AGI-IT-002" name="Config.TestConfig" tests="1" failures="0" timestamp="30 Aug 2017 13:04:57 GMT" time="8.627" errors="0">
  <testcase name="startTest" time="8.627" classname="Config.TestConfig"/>
</testsuite> <!-- Config.TestConfig -->
